<?xml version="1.0" encoding="UTF-8"?>
<!-- Generated by org.testng.reporters.JUnitReportReporter -->
<testsuite skipped="0" hostname="LAPTOP-VUPMQSQ0" name="testCases.FindingFlights" tests="1" failures="0" timestamp="2020-08-31T21:43:37 CDT" time="9.931" errors="0">
  <testcase name="findflights" time="9.931" classname="testCases.FindingFlights"/>
  <system-out/>
</testsuite> <!-- testCases.FindingFlights -->
