<?xml version="1.0" encoding="UTF-8"?>
<!-- Generated by org.testng.reporters.JUnitReportReporter -->
<testsuite skipped="0" hostname="LAPTOP-VUPMQSQ0" name="testCases.FlightList" tests="4" failures="0" timestamp="2020-08-30T16:19:52 CDT" time="39.410" errors="0">
  <testcase name="findflights" time="9.609" classname="testCases.FlightList"/>
  <system-out/>
  <testcase name="selectFlight" time="20.483" classname="testCases.FlightList"/>
  <system-out/>
  <testcase name="travelerinfo" time="3.375" classname="testCases.FlightList"/>
  <system-out/>
  <testcase name="selectSeats" time="5.943" classname="testCases.FlightList"/>
  <system-out/>
</testsuite> <!-- testCases.FlightList -->
