<?xml version="1.0" encoding="UTF-8"?>
<!-- Generated by org.testng.reporters.JUnitReportReporter -->
<testsuite skipped="0" hostname="LAPTOP-VUPMQSQ0" name="testCases.FlightList" tests="4" failures="0" timestamp="02 Sep 2020 02:52:33 GMT" time="44.356" errors="0">
  <testcase name="findflights" time="11.059" classname="testCases.FlightList"/>
  <testcase name="selectFlight" time="22.628" classname="testCases.FlightList"/>
  <testcase name="travelerinfo" time="8.191" classname="testCases.FlightList"/>
  <testcase name="selectSeats" time="2.478" classname="testCases.FlightList"/>
</testsuite> <!-- testCases.FlightList -->
